<?xml version="1.0" encoding="UTF-8"?>
<testng-results ignored="0" total="1" passed="1" failed="0" skipped="0">
  <reporter-output>
  </reporter-output>
  <suite started-at="2023-11-07T18:36:21 IST" name="Default suite" finished-at="2023-11-07T18:36:56 IST" duration-ms="34485">
    <groups>
    </groups>
    <test started-at="2023-11-07T18:36:21 IST" name="Default test" finished-at="2023-11-07T18:36:56 IST" duration-ms="34485">
      <class name="TestCases.TC_e2e">
        <test-method is-config="true" signature="initiDriver()[pri:0, instance:TestCases.TC_e2e@7586beff]" started-at="2023-11-07T18:36:21 IST" name="initiDriver" finished-at="2023-11-07T18:36:33 IST" duration-ms="11814" status="PASS">
          <reporter-output>
          </reporter-output>
        </test-method> <!-- initiDriver -->
        <test-method is-config="true" signature="objectrepo()[pri:0, instance:TestCases.TC_e2e@7586beff]" started-at="2023-11-07T18:36:33 IST" name="objectrepo" finished-at="2023-11-07T18:36:33 IST" duration-ms="41" status="PASS">
          <reporter-output>
          </reporter-output>
        </test-method> <!-- objectrepo -->
        <test-method signature="BasePageNavigation()[pri:0, instance:TestCases.TC_e2e@7586beff]" started-at="2023-11-07T18:36:33 IST" name="BasePageNavigation" finished-at="2023-11-07T18:36:56 IST" duration-ms="22539" status="PASS">
          <reporter-output>
          </reporter-output>
        </test-method> <!-- BasePageNavigation -->
        <test-method is-config="true" signature="closeDriver()[pri:0, instance:TestCases.TC_e2e@7586beff]" started-at="2023-11-07T18:36:56 IST" name="closeDriver" finished-at="2023-11-07T18:36:56 IST" duration-ms="7" status="PASS">
          <reporter-output>
          </reporter-output>
        </test-method> <!-- closeDriver -->
      </class> <!-- TestCases.TC_e2e -->
    </test> <!-- Default test -->
  </suite> <!-- Default suite -->
</testng-results>
